<?xml version="1.0" encoding="UTF-8"?>
<!-- Generated by org.testng.reporters.JUnitReportReporter -->
<testsuite hostname="WINAA5CG2114BSD" failures="0" tests="6" name="com.testNg.Demo2" time="0.008" errors="0" timestamp="2024-08-29T21:30:22 IST" skipped="1">
  <testcase classname="com.testNg.Demo2" name="m2" time="0.002"/>
  <testcase classname="com.testNg.Demo2" name="m3" time="0.002"/>
  <testcase classname="com.testNg.Demo2" name="m3" time="0.002"/>
  <testcase classname="com.testNg.Demo2" name="m3" time="0.001"/>
  <testcase classname="com.testNg.Demo2" name="m5" time="0.001"/>
  <testcase classname="com.testNg.Demo2" name="m4">
    <skipped/>
  </testcase> <!-- m4 -->
</testsuite> <!-- com.testNg.Demo2 -->
