<?xml version="1.0" encoding="UTF-8"?>
<!-- Generated by org.testng.reporters.JUnitReportReporter -->
<testsuite hostname="WINAA5CG2114BSD" failures="0" tests="2" name="com.one.Demo" time="0.006" errors="0" timestamp="2024-08-29T17:25:12 IST" skipped="0">
  <testcase classname="com.one.Demo" name="m1" time="0.005"/>
  <testcase classname="com.one.Demo" name="m2" time="0.001"/>
</testsuite> <!-- com.one.Demo -->
