<?xml version="1.0" encoding="UTF-8"?>
<!-- Generated by org.testng.reporters.JUnitReportReporter -->
<testsuite hostname="WINAA5CG2114BSD" failures="0" tests="1" name="com.testNg.Reports" time="8.065" errors="0" timestamp="2024-09-03T09:51:46 IST" skipped="0">
  <testcase classname="com.testNg.Reports" name="login" time="8.065"/>
</testsuite> <!-- com.testNg.Reports -->
